This file contains any messages produced by compilers while
running configure, to aid debugging if configure makes a mistake.

It was created by win_stm configure 1.0, which was
generated by GNU Autoconf 2.69.  Invocation command line was

  $ ./configure 

## --------- ##
## Platform. ##
## --------- ##

hostname = localhost.localdomain
uname -m = x86_64
uname -r = 4.16.3-301.fc28.x86_64
uname -s = Linux
uname -v = #1 SMP Mon Apr 23 21:59:58 UTC 2018

/usr/bin/uname -p = x86_64
/bin/uname -X     = unknown

/bin/arch              = x86_64
/usr/bin/arch -k       = unknown
/usr/convex/getsysinfo = unknown
/usr/bin/hostinfo      = unknown
/bin/machine           = unknown
/usr/bin/oslevel       = unknown
/bin/universe          = unknown

PATH: /usr/share/Modules/bin
PATH: /usr/local/bin
PATH: /usr/local/sbin
PATH: /usr/bin
PATH: /usr/sbin
PATH: /home/jeffrey/.local/bin
PATH: /home/jeffrey/bin


## ----------- ##
## Core tests. ##
## ----------- ##

configure:2275: checking build system type
configure:2289: result: x86_64-unknown-linux-gnu
configure:2309: checking host system type
configure:2322: result: x86_64-unknown-linux-gnu
configure:2358: checking for a BSD-compatible install
configure:2426: result: /usr/bin/install -c
configure:2437: checking whether build environment is sane
configure:2492: result: yes
configure:2530: WARNING: 'missing' script is too old or missing
configure:2643: checking for a thread-safe mkdir -p
configure:2682: result: /usr/bin/mkdir -p
configure:2689: checking for gawk
configure:2705: found /usr/bin/gawk
configure:2716: result: gawk
configure:2727: checking whether make sets $(MAKE)
configure:2749: result: yes
configure:2778: checking whether make supports nested variables
configure:2795: result: yes
configure:3000: checking for gcc
configure:3016: found /usr/bin/gcc
configure:3027: result: gcc
configure:3256: checking for C compiler version
configure:3265: gcc --version >&5
gcc (GCC) 8.0.1 20180324 (Red Hat 8.0.1-0.20)
Copyright (C) 2018 Free Software Foundation, Inc.
This is free software; see the source for copying conditions.  There is NO
warranty; not even for MERCHANTABILITY or FITNESS FOR A PARTICULAR PURPOSE.

configure:3276: $? = 0
configure:3265: gcc -v >&5
Using built-in specs.
COLLECT_GCC=gcc
COLLECT_LTO_WRAPPER=/usr/libexec/gcc/x86_64-redhat-linux/8/lto-wrapper
OFFLOAD_TARGET_NAMES=nvptx-none
OFFLOAD_TARGET_DEFAULT=1
Target: x86_64-redhat-linux
Configured with: ../configure --enable-bootstrap --enable-languages=c,c++,objc,obj-c++,fortran,ada,go,lto --prefix=/usr --mandir=/usr/share/man --infodir=/usr/share/info --with-bugurl=http://bugzilla.redhat.com/bugzilla --enable-shared --enable-threads=posix --enable-checking=release --enable-multilib --with-system-zlib --enable-__cxa_atexit --disable-libunwind-exceptions --enable-gnu-unique-object --enable-linker-build-id --with-gcc-major-version-only --with-linker-hash-style=gnu --enable-plugin --enable-initfini-array --with-isl --enable-libmpx --enable-offload-targets=nvptx-none --without-cuda-driver --enable-gnu-indirect-function --with-tune=generic --with-arch_32=i686 --build=x86_64-redhat-linux
Thread model: posix
gcc version 8.0.1 20180324 (Red Hat 8.0.1-0.20) (GCC) 
configure:3276: $? = 0
configure:3265: gcc -V >&5
gcc: error: unrecognized command line option '-V'
gcc: fatal error: no input files
compilation terminated.
configure:3276: $? = 1
configure:3265: gcc -qversion >&5
gcc: error: unrecognized command line option '-qversion'; did you mean '--version'?
gcc: fatal error: no input files
compilation terminated.
configure:3276: $? = 1
configure:3296: checking whether the C compiler works
configure:3318: gcc    conftest.c  >&5
configure:3322: $? = 0
configure:3370: result: yes
configure:3373: checking for C compiler default output file name
configure:3375: result: a.out
configure:3381: checking for suffix of executables
configure:3388: gcc -o conftest    conftest.c  >&5
configure:3392: $? = 0
configure:3414: result: 
configure:3436: checking whether we are cross compiling
configure:3444: gcc -o conftest    conftest.c  >&5
configure:3448: $? = 0
configure:3455: ./conftest
configure:3459: $? = 0
configure:3474: result: no
configure:3479: checking for suffix of object files
configure:3501: gcc -c   conftest.c >&5
configure:3505: $? = 0
configure:3526: result: o
configure:3530: checking whether we are using the GNU C compiler
configure:3549: gcc -c   conftest.c >&5
configure:3549: $? = 0
configure:3558: result: yes
configure:3567: checking whether gcc accepts -g
configure:3587: gcc -c -g  conftest.c >&5
configure:3587: $? = 0
configure:3628: result: yes
configure:3645: checking for gcc option to accept ISO C89
configure:3708: gcc  -c -g -O2  conftest.c >&5
configure:3708: $? = 0
configure:3721: result: none needed
configure:3746: checking whether gcc understands -c and -o together
configure:3768: gcc -c conftest.c -o conftest2.o
configure:3771: $? = 0
configure:3768: gcc -c conftest.c -o conftest2.o
configure:3771: $? = 0
configure:3783: result: yes
configure:3811: checking for style of include used by make
configure:3839: result: GNU
configure:3865: checking dependency style of gcc
configure:3976: result: gcc3
configure:3997: checking how to run the C preprocessor
configure:4028: gcc -E  conftest.c
configure:4028: $? = 0
configure:4042: gcc -E  conftest.c
conftest.c:11:10: fatal error: ac_nonexistent.h: No such file or directory
 #include <ac_nonexistent.h>
          ^~~~~~~~~~~~~~~~~~
compilation terminated.
configure:4042: $? = 1
configure: failed program was:
| /* confdefs.h */
| #define PACKAGE_NAME "win_stm"
| #define PACKAGE_TARNAME "win_stm"
| #define PACKAGE_VERSION "1.0"
| #define PACKAGE_STRING "win_stm 1.0"
| #define PACKAGE_BUGREPORT "schwartz@physics.ucla.edu"
| #define PACKAGE_URL ""
| #define PACKAGE "win_stm"
| #define VERSION "1.0"
| /* end confdefs.h.  */
| #include <ac_nonexistent.h>
configure:4067: result: gcc -E
configure:4087: gcc -E  conftest.c
configure:4087: $? = 0
configure:4101: gcc -E  conftest.c
conftest.c:11:10: fatal error: ac_nonexistent.h: No such file or directory
 #include <ac_nonexistent.h>
          ^~~~~~~~~~~~~~~~~~
compilation terminated.
configure:4101: $? = 1
configure: failed program was:
| /* confdefs.h */
| #define PACKAGE_NAME "win_stm"
| #define PACKAGE_TARNAME "win_stm"
| #define PACKAGE_VERSION "1.0"
| #define PACKAGE_STRING "win_stm 1.0"
| #define PACKAGE_BUGREPORT "schwartz@physics.ucla.edu"
| #define PACKAGE_URL ""
| #define PACKAGE "win_stm"
| #define VERSION "1.0"
| /* end confdefs.h.  */
| #include <ac_nonexistent.h>
configure:4130: checking for grep that handles long lines and -e
configure:4188: result: /usr/bin/grep
configure:4193: checking for egrep
configure:4255: result: /usr/bin/grep -E
configure:4260: checking for ANSI C header files
configure:4280: gcc -c -g -O2  conftest.c >&5
configure:4280: $? = 0
configure:4353: gcc -o conftest -g -O2   conftest.c  >&5
configure:4353: $? = 0
configure:4353: ./conftest
configure:4353: $? = 0
configure:4364: result: yes
configure:4377: checking for sys/types.h
configure:4377: gcc -c -g -O2  conftest.c >&5
configure:4377: $? = 0
configure:4377: result: yes
configure:4377: checking for sys/stat.h
configure:4377: gcc -c -g -O2  conftest.c >&5
configure:4377: $? = 0
configure:4377: result: yes
configure:4377: checking for stdlib.h
configure:4377: gcc -c -g -O2  conftest.c >&5
configure:4377: $? = 0
configure:4377: result: yes
configure:4377: checking for string.h
configure:4377: gcc -c -g -O2  conftest.c >&5
configure:4377: $? = 0
configure:4377: result: yes
configure:4377: checking for memory.h
configure:4377: gcc -c -g -O2  conftest.c >&5
configure:4377: $? = 0
configure:4377: result: yes
configure:4377: checking for strings.h
configure:4377: gcc -c -g -O2  conftest.c >&5
configure:4377: $? = 0
configure:4377: result: yes
configure:4377: checking for inttypes.h
configure:4377: gcc -c -g -O2  conftest.c >&5
configure:4377: $? = 0
configure:4377: result: yes
configure:4377: checking for stdint.h
configure:4377: gcc -c -g -O2  conftest.c >&5
configure:4377: $? = 0
configure:4377: result: yes
configure:4377: checking for unistd.h
configure:4377: gcc -c -g -O2  conftest.c >&5
configure:4377: $? = 0
configure:4377: result: yes
configure:4390: checking minix/config.h usability
configure:4390: gcc -c -g -O2  conftest.c >&5
conftest.c:54:10: fatal error: minix/config.h: No such file or directory
 #include <minix/config.h>
          ^~~~~~~~~~~~~~~~
compilation terminated.
configure:4390: $? = 1
configure: failed program was:
| /* confdefs.h */
| #define PACKAGE_NAME "win_stm"
| #define PACKAGE_TARNAME "win_stm"
| #define PACKAGE_VERSION "1.0"
| #define PACKAGE_STRING "win_stm 1.0"
| #define PACKAGE_BUGREPORT "schwartz@physics.ucla.edu"
| #define PACKAGE_URL ""
| #define PACKAGE "win_stm"
| #define VERSION "1.0"
| #define STDC_HEADERS 1
| #define HAVE_SYS_TYPES_H 1
| #define HAVE_SYS_STAT_H 1
| #define HAVE_STDLIB_H 1
| #define HAVE_STRING_H 1
| #define HAVE_MEMORY_H 1
| #define HAVE_STRINGS_H 1
| #define HAVE_INTTYPES_H 1
| #define HAVE_STDINT_H 1
| #define HAVE_UNISTD_H 1
| /* end confdefs.h.  */
| #include <stdio.h>
| #ifdef HAVE_SYS_TYPES_H
| # include <sys/types.h>
| #endif
| #ifdef HAVE_SYS_STAT_H
| # include <sys/stat.h>
| #endif
| #ifdef STDC_HEADERS
| # include <stdlib.h>
| # include <stddef.h>
| #else
| # ifdef HAVE_STDLIB_H
| #  include <stdlib.h>
| # endif
| #endif
| #ifdef HAVE_STRING_H
| # if !defined STDC_HEADERS && defined HAVE_MEMORY_H
| #  include <memory.h>
| # endif
| # include <string.h>
| #endif
| #ifdef HAVE_STRINGS_H
| # include <strings.h>
| #endif
| #ifdef HAVE_INTTYPES_H
| # include <inttypes.h>
| #endif
| #ifdef HAVE_STDINT_H
| # include <stdint.h>
| #endif
| #ifdef HAVE_UNISTD_H
| # include <unistd.h>
| #endif
| #include <minix/config.h>
configure:4390: result: no
configure:4390: checking minix/config.h presence
configure:4390: gcc -E  conftest.c
conftest.c:21:10: fatal error: minix/config.h: No such file or directory
 #include <minix/config.h>
          ^~~~~~~~~~~~~~~~
compilation terminated.
configure:4390: $? = 1
configure: failed program was:
| /* confdefs.h */
| #define PACKAGE_NAME "win_stm"
| #define PACKAGE_TARNAME "win_stm"
| #define PACKAGE_VERSION "1.0"
| #define PACKAGE_STRING "win_stm 1.0"
| #define PACKAGE_BUGREPORT "schwartz@physics.ucla.edu"
| #define PACKAGE_URL ""
| #define PACKAGE "win_stm"
| #define VERSION "1.0"
| #define STDC_HEADERS 1
| #define HAVE_SYS_TYPES_H 1
| #define HAVE_SYS_STAT_H 1
| #define HAVE_STDLIB_H 1
| #define HAVE_STRING_H 1
| #define HAVE_MEMORY_H 1
| #define HAVE_STRINGS_H 1
| #define HAVE_INTTYPES_H 1
| #define HAVE_STDINT_H 1
| #define HAVE_UNISTD_H 1
| /* end confdefs.h.  */
| #include <minix/config.h>
configure:4390: result: no
configure:4390: checking for minix/config.h
configure:4390: result: no
configure:4411: checking whether it is safe to define __EXTENSIONS__
configure:4429: gcc -c -g -O2  conftest.c >&5
configure:4429: $? = 0
configure:4436: result: yes
configure:4799: checking how to print strings
configure:4826: result: printf
configure:4847: checking for a sed that does not truncate output
configure:4911: result: /usr/bin/sed
configure:4929: checking for fgrep
configure:4991: result: /usr/bin/grep -F
configure:5026: checking for ld used by gcc
configure:5093: result: /usr/bin/ld
configure:5100: checking if the linker (/usr/bin/ld) is GNU ld
configure:5115: result: yes
configure:5127: checking for BSD- or MS-compatible name lister (nm)
configure:5176: result: /usr/bin/nm -B
configure:5306: checking the name lister (/usr/bin/nm -B) interface
configure:5313: gcc -c -g -O2  conftest.c >&5
configure:5316: /usr/bin/nm -B "conftest.o"
configure:5319: output
0000000000000000 B some_variable
configure:5326: result: BSD nm
configure:5329: checking whether ln -s works
configure:5333: result: yes
configure:5341: checking the maximum length of command line arguments
configure:5471: result: 1572864
configure:5488: checking whether the shell understands some XSI constructs
configure:5498: result: yes
configure:5502: checking whether the shell understands "+="
configure:5508: result: yes
configure:5543: checking how to convert x86_64-unknown-linux-gnu file names to x86_64-unknown-linux-gnu format
configure:5583: result: func_convert_file_noop
configure:5590: checking how to convert x86_64-unknown-linux-gnu file names to toolchain format
configure:5610: result: func_convert_file_noop
configure:5617: checking for /usr/bin/ld option to reload object files
configure:5624: result: -r
configure:5698: checking for objdump
configure:5725: result: objdump
configure:5754: checking how to recognize dependent libraries
configure:5956: result: pass_all
configure:6041: checking for dlltool
configure:6068: result: dlltool
configure:6098: checking how to associate runtime and link libraries
configure:6125: result: printf %s\n
configure:6185: checking for ar
configure:6201: found /usr/bin/ar
configure:6212: result: ar
configure:6249: checking for archiver @FILE support
configure:6266: gcc -c -g -O2  conftest.c >&5
configure:6266: $? = 0
configure:6269: ar cru libconftest.a @conftest.lst >&5
configure:6272: $? = 0
configure:6277: ar cru libconftest.a @conftest.lst >&5
ar: conftest.o: No such file or directory
configure:6280: $? = 1
configure:6292: result: @
configure:6350: checking for strip
configure:6366: found /usr/bin/strip
configure:6377: result: strip
configure:6449: checking for ranlib
configure:6465: found /usr/bin/ranlib
configure:6476: result: ranlib
configure:6578: checking command to parse /usr/bin/nm -B output from gcc object
configure:6698: gcc -c -g -O2  conftest.c >&5
configure:6701: $? = 0
configure:6705: /usr/bin/nm -B conftest.o \| sed -n -e 's/^.*[ ]\([ABCDGIRSTW][ABCDGIRSTW]*\)[ ][ ]*\([_A-Za-z][_A-Za-z0-9]*\)$/\1 \2 \2/p' | sed '/ __gnu_lto/d' \> conftest.nm
configure:6708: $? = 0
configure:6774: gcc -o conftest -g -O2   conftest.c conftstm.o >&5
configure:6777: $? = 0
configure:6815: result: ok
configure:6852: checking for sysroot
configure:6882: result: no
configure:6959: gcc -c -g -O2  conftest.c >&5
configure:6962: $? = 0
configure:7144: checking for mt
configure:7174: result: no
configure:7194: checking if : is a manifest tool
configure:7200: : '-?'
configure:7208: result: no
configure:7847: checking for dlfcn.h
configure:7847: gcc -c -g -O2  conftest.c >&5
configure:7847: $? = 0
configure:7847: result: yes
configure:8021: checking for objdir
configure:8036: result: .libs
configure:8307: checking if gcc supports -fno-rtti -fno-exceptions
configure:8325: gcc -c -g -O2  -fno-rtti -fno-exceptions conftest.c >&5
cc1: warning: command line option '-fno-rtti' is valid for C++/ObjC++ but not for C
configure:8329: $? = 0
configure:8342: result: no
configure:8669: checking for gcc option to produce PIC
configure:8676: result: -fPIC -DPIC
configure:8684: checking if gcc PIC flag -fPIC -DPIC works
configure:8702: gcc -c -g -O2  -fPIC -DPIC -DPIC conftest.c >&5
configure:8706: $? = 0
configure:8719: result: yes
configure:8748: checking if gcc static flag -static works
configure:8776: result: no
configure:8791: checking if gcc supports -c -o file.o
configure:8812: gcc -c -g -O2  -o out/conftest2.o conftest.c >&5
configure:8816: $? = 0
configure:8838: result: yes
configure:8846: checking if gcc supports -c -o file.o
configure:8893: result: yes
configure:8926: checking whether the gcc linker (/usr/bin/ld -m elf_x86_64) supports shared libraries
configure:10079: result: yes
configure:10116: checking whether -lc should be explicitly linked in
configure:10124: gcc -c -g -O2  conftest.c >&5
configure:10127: $? = 0
configure:10142: gcc -shared  -fPIC -DPIC conftest.o  -v -Wl,-soname -Wl,conftest -o conftest 2\>\&1 \| /usr/bin/grep  -lc  \>/dev/null 2\>\&1
configure:10145: $? = 0
configure:10159: result: no
configure:10319: checking dynamic linker characteristics
configure:10830: gcc -o conftest -g -O2   -Wl,-rpath -Wl,/foo conftest.c  >&5
configure:10830: $? = 0
configure:11056: result: GNU/Linux ld.so
configure:11163: checking how to hardcode library paths into programs
configure:11188: result: immediate
configure:11728: checking whether stripping libraries is possible
configure:11733: result: yes
configure:11768: checking if libtool supports shared libraries
configure:11770: result: yes
configure:11773: checking whether to build shared libraries
configure:11794: result: yes
configure:11797: checking whether to build static libraries
configure:11801: result: no
configure:11894: checking for pkg-config
configure:11912: found /usr/bin/pkg-config
configure:11924: result: /usr/bin/pkg-config
configure:11949: checking pkg-config is at least version 0.9.0
configure:11952: result: yes
configure:11962: checking for GWYDDION
configure:11969: $PKG_CONFIG --exists --print-errors "gwyddion >= 2.8"
configure:11972: $? = 0
configure:11986: $PKG_CONFIG --exists --print-errors "gwyddion >= 2.8"
configure:11989: $? = 0
configure:12047: result: yes
configure:12079: checking for native Win32
configure:12091: result: no
configure:12211: checking that generated files are newer than configure
configure:12217: result: done
configure:12240: creating ./config.status

## ---------------------- ##
## Running config.status. ##
## ---------------------- ##

This file was extended by win_stm config.status 1.0, which was
generated by GNU Autoconf 2.69.  Invocation command line was

  CONFIG_FILES    = 
  CONFIG_HEADERS  = 
  CONFIG_LINKS    = 
  CONFIG_COMMANDS = 
  $ ./config.status 

on localhost.localdomain

config.status:1099: creating Makefile
config.status:1099: creating config.h
config.status:1280: config.h is unchanged
config.status:1328: executing depfiles commands
config.status:1328: executing libtool commands

## ---------------- ##
## Cache variables. ##
## ---------------- ##

ac_cv_build=x86_64-unknown-linux-gnu
ac_cv_c_compiler_gnu=yes
ac_cv_env_CC_set=
ac_cv_env_CC_value=
ac_cv_env_CFLAGS_set=
ac_cv_env_CFLAGS_value=
ac_cv_env_CPPFLAGS_set=
ac_cv_env_CPPFLAGS_value=
ac_cv_env_CPP_set=
ac_cv_env_CPP_value=
ac_cv_env_GWYDDION_CFLAGS_set=
ac_cv_env_GWYDDION_CFLAGS_value=
ac_cv_env_GWYDDION_LIBS_set=
ac_cv_env_GWYDDION_LIBS_value=
ac_cv_env_LDFLAGS_set=
ac_cv_env_LDFLAGS_value=
ac_cv_env_LIBS_set=
ac_cv_env_LIBS_value=
ac_cv_env_PKG_CONFIG_LIBDIR_set=
ac_cv_env_PKG_CONFIG_LIBDIR_value=
ac_cv_env_PKG_CONFIG_PATH_set=set
ac_cv_env_PKG_CONFIG_PATH_value=/home/jeffrey/Downloads/gwyddion-2.51/data
ac_cv_env_PKG_CONFIG_set=
ac_cv_env_PKG_CONFIG_value=
ac_cv_env_build_alias_set=
ac_cv_env_build_alias_value=
ac_cv_env_host_alias_set=
ac_cv_env_host_alias_value=
ac_cv_env_target_alias_set=
ac_cv_env_target_alias_value=
ac_cv_header_dlfcn_h=yes
ac_cv_header_inttypes_h=yes
ac_cv_header_memory_h=yes
ac_cv_header_minix_config_h=no
ac_cv_header_stdc=yes
ac_cv_header_stdint_h=yes
ac_cv_header_stdlib_h=yes
ac_cv_header_string_h=yes
ac_cv_header_strings_h=yes
ac_cv_header_sys_stat_h=yes
ac_cv_header_sys_types_h=yes
ac_cv_header_unistd_h=yes
ac_cv_host=x86_64-unknown-linux-gnu
ac_cv_objext=o
ac_cv_path_EGREP='/usr/bin/grep -E'
ac_cv_path_FGREP='/usr/bin/grep -F'
ac_cv_path_GREP=/usr/bin/grep
ac_cv_path_SED=/usr/bin/sed
ac_cv_path_ac_pt_PKG_CONFIG=/usr/bin/pkg-config
ac_cv_path_install='/usr/bin/install -c'
ac_cv_path_mkdir=/usr/bin/mkdir
ac_cv_prog_AWK=gawk
ac_cv_prog_CPP='gcc -E'
ac_cv_prog_ac_ct_AR=ar
ac_cv_prog_ac_ct_CC=gcc
ac_cv_prog_ac_ct_DLLTOOL=dlltool
ac_cv_prog_ac_ct_OBJDUMP=objdump
ac_cv_prog_ac_ct_RANLIB=ranlib
ac_cv_prog_ac_ct_STRIP=strip
ac_cv_prog_cc_c89=
ac_cv_prog_cc_g=yes
ac_cv_prog_make_make_set=yes
ac_cv_safe_to_define___extensions__=yes
am_cv_CC_dependencies_compiler_type=gcc3
am_cv_make_support_nested_variables=yes
am_cv_prog_cc_c_o=yes
lt_cv_ar_at_file=@
lt_cv_archive_cmds_need_lc=no
lt_cv_deplibs_check_method=pass_all
lt_cv_file_magic_cmd='$MAGIC_CMD'
lt_cv_file_magic_test_file=
lt_cv_ld_reload_flag=-r
lt_cv_nm_interface='BSD nm'
lt_cv_objdir=.libs
lt_cv_path_LD=/usr/bin/ld
lt_cv_path_NM='/usr/bin/nm -B'
lt_cv_path_mainfest_tool=no
lt_cv_prog_compiler_c_o=yes
lt_cv_prog_compiler_pic='-fPIC -DPIC'
lt_cv_prog_compiler_pic_works=yes
lt_cv_prog_compiler_rtti_exceptions=no
lt_cv_prog_compiler_static_works=no
lt_cv_prog_gnu_ld=yes
lt_cv_sharedlib_from_linklib_cmd='printf %s\n'
lt_cv_shlibpath_overrides_runpath=no
lt_cv_sys_global_symbol_pipe='sed -n -e '\''s/^.*[	 ]\([ABCDGIRSTW][ABCDGIRSTW]*\)[	 ][	 ]*\([_A-Za-z][_A-Za-z0-9]*\)$/\1 \2 \2/p'\'' | sed '\''/ __gnu_lto/d'\'''
lt_cv_sys_global_symbol_to_c_name_address='sed -n -e '\''s/^: \([^ ]*\)[ ]*$/  {\"\1\", (void *) 0},/p'\'' -e '\''s/^[ABCDGIRSTW]* \([^ ]*\) \([^ ]*\)$/  {"\2", (void *) \&\2},/p'\'''
lt_cv_sys_global_symbol_to_c_name_address_lib_prefix='sed -n -e '\''s/^: \([^ ]*\)[ ]*$/  {\"\1\", (void *) 0},/p'\'' -e '\''s/^[ABCDGIRSTW]* \([^ ]*\) \(lib[^ ]*\)$/  {"\2", (void *) \&\2},/p'\'' -e '\''s/^[ABCDGIRSTW]* \([^ ]*\) \([^ ]*\)$/  {"lib\2", (void *) \&\2},/p'\'''
lt_cv_sys_global_symbol_to_cdecl='sed -n -e '\''s/^T .* \(.*\)$/extern int \1();/p'\'' -e '\''s/^[ABCDGIRSTW]* .* \(.*\)$/extern char \1;/p'\'''
lt_cv_sys_max_cmd_len=1572864
lt_cv_to_host_file_cmd=func_convert_file_noop
lt_cv_to_tool_file_cmd=func_convert_file_noop
pkg_cv_GWYDDION_CFLAGS='-I/usr/local/include/gwyddion -I/usr/local/lib/gwyddion/include -I/usr/include/glib-2.0 -I/usr/lib64/glib-2.0/include -I/usr/include/gtk-2.0 -I/usr/lib64/gtk-2.0/include -I/usr/include/pango-1.0 -I/usr/include/fribidi -I/usr/include/cairo -I/usr/include/pixman-1 -I/usr/include/freetype2 -I/usr/include/libpng16 -I/usr/include/uuid -I/usr/include/harfbuzz -I/usr/include/gdk-pixbuf-2.0 -I/usr/include/atk-1.0 -pthread '
pkg_cv_GWYDDION_LIBS='-L/usr/local/lib -lgwyapp2 -lgwymodule2 -lgwydgets2 -lgwydraw2 -lgwyprocess2 -lgwyddion2 -lgtk-x11-2.0 -lgdk-x11-2.0 -lpangocairo-1.0 -latk-1.0 -lcairo -lgdk_pixbuf-2.0 -lgio-2.0 -lfftw3 -lpangoft2-1.0 -lpango-1.0 -lgobject-2.0 -lglib-2.0 -lfribidi -lfontconfig -lfreetype '

## ----------------- ##
## Output variables. ##
## ----------------- ##

ACLOCAL='aclocal-1.15'
AMDEPBACKSLASH='\'
AMDEP_FALSE='#'
AMDEP_TRUE=''
AMTAR='$${TAR-tar}'
AM_BACKSLASH='\'
AM_DEFAULT_V='$(AM_DEFAULT_VERBOSITY)'
AM_DEFAULT_VERBOSITY='1'
AM_V='$(V)'
AR='ar'
AS='as'
AUTOCONF='autoconf'
AUTOHEADER='autoheader'
AUTOMAKE='automake-1.15'
AWK='gawk'
CC='gcc'
CCDEPMODE='depmode=gcc3'
CFLAGS='-g -O2'
CPP='gcc -E'
CPPFLAGS=''
CYGPATH_W='echo'
DEFS='-DHAVE_CONFIG_H'
DEPDIR='.deps'
DLLTOOL='dlltool'
DSYMUTIL=''
DUMPBIN=''
ECHO_C=''
ECHO_N='-n'
ECHO_T=''
EGREP='/usr/bin/grep -E'
EXEEXT=''
FGREP='/usr/bin/grep -F'
GREP='/usr/bin/grep'
GWYDDION_CFLAGS='-I/usr/local/include/gwyddion -I/usr/local/lib/gwyddion/include -I/usr/include/glib-2.0 -I/usr/lib64/glib-2.0/include -I/usr/include/gtk-2.0 -I/usr/lib64/gtk-2.0/include -I/usr/include/pango-1.0 -I/usr/include/fribidi -I/usr/include/cairo -I/usr/include/pixman-1 -I/usr/include/freetype2 -I/usr/include/libpng16 -I/usr/include/uuid -I/usr/include/harfbuzz -I/usr/include/gdk-pixbuf-2.0 -I/usr/include/atk-1.0 -pthread '
GWYDDION_LIBS='-L/usr/local/lib -lgwyapp2 -lgwymodule2 -lgwydgets2 -lgwydraw2 -lgwyprocess2 -lgwyddion2 -lgtk-x11-2.0 -lgdk-x11-2.0 -lpangocairo-1.0 -latk-1.0 -lcairo -lgdk_pixbuf-2.0 -lgio-2.0 -lfftw3 -lpangoft2-1.0 -lpango-1.0 -lgobject-2.0 -lglib-2.0 -lfribidi -lfontconfig -lfreetype '
GWYDDION_MODULE_DIR='/usr/local/lib/gwyddion/modules/file'
HOST_CFLAGS=''
HOST_LDFLAGS=''
INSTALL_DATA='${INSTALL} -m 644'
INSTALL_PROGRAM='${INSTALL}'
INSTALL_SCRIPT='${INSTALL}'
INSTALL_STRIP_PROGRAM='$(install_sh) -c -s'
LD='/usr/bin/ld -m elf_x86_64'
LDFLAGS=''
LIBOBJS=''
LIBS=''
LIBTOOL='$(SHELL) $(top_builddir)/libtool'
LIPO=''
LN_S='ln -s'
LTLIBOBJS=''
MAKEINFO='makeinfo'
MANIFEST_TOOL=':'
MKDIR_P='/usr/bin/mkdir -p'
NM='/usr/bin/nm -B'
NMEDIT=''
OBJDUMP='objdump'
OBJEXT='o'
OTOOL64=''
OTOOL=''
PACKAGE='win_stm'
PACKAGE_BUGREPORT='schwartz@physics.ucla.edu'
PACKAGE_NAME='win_stm'
PACKAGE_STRING='win_stm 1.0'
PACKAGE_TARNAME='win_stm'
PACKAGE_URL=''
PACKAGE_VERSION='1.0'
PATH_SEPARATOR=':'
PKG_CONFIG='/usr/bin/pkg-config'
PKG_CONFIG_LIBDIR=''
PKG_CONFIG_PATH='/home/jeffrey/Downloads/gwyddion-2.51/data'
RANLIB='ranlib'
SED='/usr/bin/sed'
SET_MAKE=''
SHELL='/bin/sh'
STRIP='strip'
VERSION='1.0'
WARNING_CFLAGS='-Wall -W'
ac_ct_AR='ar'
ac_ct_CC='gcc'
ac_ct_DUMPBIN=''
am__EXEEXT_FALSE=''
am__EXEEXT_TRUE='#'
am__fastdepCC_FALSE='#'
am__fastdepCC_TRUE=''
am__include='include'
am__isrc=''
am__leading_dot='.'
am__nodep='_no'
am__quote=''
am__tar='$${TAR-tar} chof - "$$tardir"'
am__untar='$${TAR-tar} xf -'
bindir='${exec_prefix}/bin'
build='x86_64-unknown-linux-gnu'
build_alias=''
build_cpu='x86_64'
build_os='linux-gnu'
build_vendor='unknown'
datadir='${datarootdir}'
datarootdir='${prefix}/share'
docdir='${datarootdir}/doc/${PACKAGE_TARNAME}'
dvidir='${docdir}'
exec_prefix='${prefix}'
host='x86_64-unknown-linux-gnu'
host_alias=''
host_cpu='x86_64'
host_os='linux-gnu'
host_vendor='unknown'
htmldir='${docdir}'
includedir='${prefix}/include'
infodir='${datarootdir}/info'
install_sh='${SHELL} /home/jeffrey/Downloads/win_stm/install-sh'
libdir='${exec_prefix}/lib'
libexecdir='${exec_prefix}/libexec'
localedir='${datarootdir}/locale'
localstatedir='${prefix}/var'
mandir='${datarootdir}/man'
mkdir_p='$(MKDIR_P)'
oldincludedir='/usr/include'
pdfdir='${docdir}'
prefix='/usr/local'
program_transform_name='s,x,x,'
psdir='${docdir}'
sbindir='${exec_prefix}/sbin'
sharedstatedir='${prefix}/com'
sysconfdir='${prefix}/etc'
target_alias=''

## ----------- ##
## confdefs.h. ##
## ----------- ##

/* confdefs.h */
#define PACKAGE_NAME "win_stm"
#define PACKAGE_TARNAME "win_stm"
#define PACKAGE_VERSION "1.0"
#define PACKAGE_STRING "win_stm 1.0"
#define PACKAGE_BUGREPORT "schwartz@physics.ucla.edu"
#define PACKAGE_URL ""
#define PACKAGE "win_stm"
#define VERSION "1.0"
#define STDC_HEADERS 1
#define HAVE_SYS_TYPES_H 1
#define HAVE_SYS_STAT_H 1
#define HAVE_STDLIB_H 1
#define HAVE_STRING_H 1
#define HAVE_MEMORY_H 1
#define HAVE_STRINGS_H 1
#define HAVE_INTTYPES_H 1
#define HAVE_STDINT_H 1
#define HAVE_UNISTD_H 1
#define __EXTENSIONS__ 1
#define _ALL_SOURCE 1
#define _GNU_SOURCE 1
#define _POSIX_PTHREAD_SEMANTICS 1
#define _TANDEM_SOURCE 1
#define HAVE_DLFCN_H 1
#define LT_OBJDIR ".libs/"

configure: exit 0
